

Microchip MPLAB XC8 Assembler V2.40 build 20220703182018 
                                                                                               Tue Feb 07 16:06:09 2023

Microchip MPLAB XC8 C Compiler v2.40 (Free license) build 20220703182018 Og1 
     1                           	processor	18F47Q10
     2                           	fnconf	rparam,??,?,0
     3                           	pagewidth 120
     4                           	opt	flic
     5                           	psect	cinit,global,reloc=2,class=CODE,delta=1
     6                           	psect	cstackCOMRAM,global,class=COMRAM,space=1,delta=1,lowdata,noexec
     7                           	psect	text0,global,reloc=2,class=CODE,delta=1
     8                           	psect	text1,global,reloc=2,class=CODE,delta=1
     9                           	psect	text2,global,reloc=2,class=CODE,delta=1
    10                           	psect	text3,global,reloc=2,class=CODE,delta=1
    11                           	psect	text4,global,reloc=2,class=CODE,delta=1
    12                           	psect	intcode,global,reloc=2,class=CODE,delta=1
    13                           	psect	text6,global,reloc=2,class=CODE,delta=1
    14                           	psect	intsave_regs,global,class=BIGRAM,space=1,delta=1,noexec
    15                           	psect	rparam,global,class=COMRAM,space=1,delta=1,noexec
    16                           	psect	temp,global,ovrld,common,class=COMRAM,space=1,delta=1
    17                           	psect	idloc,global,abs,ovrld,class=IDLOC,space=5,delta=1,noexec
    18                           	psect	config,global,abs,ovrld,class=CONFIG,space=4,delta=1,noexec
    19   000000                     
    20                           ; Version 2.32
    21                           ; Generated 10/02/2021 GMT
    22                           ; 
    23                           ; Copyright © 2021, Microchip Technology Inc. and its subsidiaries ("Microchip")
    24                           ; All rights reserved.
    25                           ; 
    26                           ; This software is developed by Microchip Technology Inc. and its subsidiaries ("Microch
      +                          ip").
    27                           ; 
    28                           ; Redistribution and use in source and binary forms, with or without modification, are
    29                           ; permitted provided that the following conditions are met:
    30                           ; 
    31                           ;     1. Redistributions of source code must retain the above copyright notice, this lis
      +                          t of
    32                           ;        conditions and the following disclaimer.
    33                           ; 
    34                           ;     2. Redistributions in binary form must reproduce the above copyright notice, this 
      +                          list
    35                           ;        of conditions and the following disclaimer in the documentation and/or other
    36                           ;        materials provided with the distribution. Publication is not required when
    37                           ;        this file is used in an embedded application.
    38                           ; 
    39                           ;     3. Microchip's name may not be used to endorse or promote products derived from th
      +                          is
    40                           ;        software without specific prior written permission.
    41                           ; 
    42                           ; THIS SOFTWARE IS PROVIDED BY MICROCHIP "AS IS" AND ANY EXPRESS OR IMPLIED WARRANTIES,
    43                           ; INCLUDING, BUT NOT LIMITED TO, THE IMPLIED WARRANTIES OF MERCHANTABILITY AND FITNESS F
      +                          OR
    44                           ; PURPOSE ARE DISCLAIMED.  IN NO EVENT SHALL MICROCHIP BE LIABLE FOR ANY DIRECT, INDIREC
      +                          T,
    45                           ; INCIDENTAL, SPECIAL, EXEMPLARY, OR CONSEQUENTIAL DAMAGES (INCLUDING BUT NOT LIMITED TO
    46                           ; PROCUREMENT OF SUBSTITUTE GOODS OR SERVICES; LOSS OF USE, DATA OR PROFITS; OR BUSINESS
    47                           ; INTERRUPTION) HOWSOEVER CAUSED AND ON ANY THEORY OF LIABILITY, WHETHER IN CONTRACT, ST
      +                          RICT
    48                           ; LIABILITY, OR TORT (INCLUDING NEGLIGENCE OR OTHERWISE) ARISING IN ANY WAY OUT OF THE U
      +                          SE OF
    49                           ; THIS SOFTWARE, EVEN IF ADVISED OF THE POSSIBILITY OF SUCH DAMAGE.
    50                           ; 
    51                           ; 
    52                           ; Code-generator required, PIC18F47Q10 Definitions
    53                           ; 
    54                           ; SFR Addresses
    55   000000                     _ADCON0bits	set	3931
    56   000000                     _CCP2CONbits	set	4007
    57   000000                     _T3CONbits	set	4040
    58   000000                     _IPR4bits	set	3769
    59   000000                     _PIR4bits	set	3785
    60   000000                     _RC1PPS	set	3827
    61   000000                     _ANSELA	set	3852
    62   000000                     _ANSELCbits	set	3868
    63   000000                     _ADACT	set	3921
    64   000000                     _ADREF	set	3923
    65   000000                     _ADCON1	set	3924
    66   000000                     _TRISA	set	3975
    67   000000                     _TRISCbits	set	3977
    68   000000                     _TMR3L	set	4038
    69   000000                     _TMR3H	set	4039
    70   000000                     _T3CON	set	4040
    71   000000                     _T3CLK	set	4043
    72   000000                     _ADACQ	set	3927
    73   000000                     _ADPCH	set	3930
    74   000000                     _ADCON3	set	3926
    75   000000                     _ADCON2	set	3925
    76   000000                     _ADRESL	set	3934
    77   000000                     _ADCON0	set	3931
    78   000000                     _ADRPT	set	3937
    79   000000                     _LATA	set	3970
    80   000000                     _LATCbits	set	3972
    81   000000                     _INTCONbits	set	4082
    82   000000                     _T3GCON	set	4041
    83   000000                     _CCPR2L	set	4005
    84   000000                     _CCPR2H	set	4006
    85   000000                     _CCP2CON	set	4007
    86   000000                     _CCPTMRSbits	set	4013
    87   000000                     _T2PR	set	4027
    88   000000                     _T2CLKCON	set	4030
    89   000000                     _T2CON	set	4028
    90   000000                     _ADRESH	set	3935
    91   000000                     _PIE4bits	set	3777
    92                           
    93                           ; #config settings
    94                           
    95                           	psect	cinit
    96   0000FE                     __pcinit:
    97                           	callstack 0
    98   0000FE                     start_initialization:
    99                           	callstack 0
   100   0000FE                     __initialization:
   101                           	callstack 0
   102   0000FE                     end_of_initialization:
   103                           	callstack 0
   104   0000FE                     __end_of__initialization:
   105                           	callstack 0
   106   0000FE  9006               	bcf	int$flags,0,c	;clear compiler interrupt flag (level 1)
   107   000100  9206               	bcf	int$flags,1,c	;clear compiler interrupt flag (level 2)
   108   000102  0100               	movlb	0
   109   000104  EF4C  F000         	goto	_main	;jump to C main() function
   110                           
   111                           	psect	cstackCOMRAM
   112   000001                     __pcstackCOMRAM:
   113                           	callstack 0
   114   000001                     
   115                           ; 2 bytes @ 0x0
   116   000001                     	ds	2
   117   000003                     
   118                           ; 3 bytes @ 0x2
   119   000003                     	ds	3
   120   000006                     
   121                           ; 1 bytes @ 0x5
   122 ;;
   123 ;;Main: autosize = 0, tempsize = 0, incstack = 0, save=0
   124 ;;
   125 ;; *************** function _main *****************
   126 ;; Defined at:
   127 ;;		line 79 in file "main.c"
   128 ;; Parameters:    Size  Location     Type
   129 ;;  argc            2    0[COMRAM] int 
   130 ;;  argv            3    2[COMRAM] PTR PTR unsigned char 
   131 ;; Auto vars:     Size  Location     Type
   132 ;;		None
   133 ;; Return value:  Size  Location     Type
   134 ;;                  2    0[COMRAM] int 
   135 ;; Registers used:
   136 ;;		wreg, status,2, cstack
   137 ;; Tracked objects:
   138 ;;		On entry : 0/0
   139 ;;		On exit  : 0/0
   140 ;;		Unchanged: 0/0
   141 ;; Data sizes:     COMRAM   BANK0   BANK1   BANK2   BANK3   BANK4   BANK5   BANK6   BANK7   BANK8   BANK9  BANK10  BANK1
      +1  BANK12  BANK13  BANK14
   142 ;;      Params:         5       0       0       0       0       0       0       0       0       0       0       0       
      +0       0       0       0
   143 ;;      Locals:         0       0       0       0       0       0       0       0       0       0       0       0       
      +0       0       0       0
   144 ;;      Temps:          0       0       0       0       0       0       0       0       0       0       0       0       
      +0       0       0       0
   145 ;;      Totals:         5       0       0       0       0       0       0       0       0       0       0       0       
      +0       0       0       0
   146 ;;Total ram usage:        5 bytes
   147 ;; Hardware stack levels required when called: 3
   148 ;; This function calls:
   149 ;;		_configuraAD
   150 ;;		_configuraPA
   151 ;;		_configuraPWM
   152 ;;		_configuraT3
   153 ;; This function is called by:
   154 ;;		Startup code after reset
   155 ;; This function uses a non-reentrant model
   156 ;;
   157                           
   158                           	psect	text0
   159   000098                     __ptext0:
   160                           	callstack 0
   161   000098                     _main:
   162                           	callstack 28
   163   000098  EC79  F000         	call	_configuraPA	;wreg free
   164   00009C  EC1A  F000         	call	_configuraAD	;wreg free
   165   0000A0  EC6D  F000         	call	_configuraT3	;wreg free
   166   0000A4  EC34  F000         	call	_configuraPWM	;wreg free
   167   0000A8  8AF2               	bsf	242,5,c	;volatile
   168   0000AA  8EF2               	bsf	242,7,c	;volatile
   169   0000AC  010E               	movlb	14	; () banked
   170   0000AE  85B9               	bsf	185,2,b	;volatile
   171   0000B0                     
   172                           ; BSR set to: 14
   173   0000B0  95C9               	bcf	201,2,b	;volatile
   174   0000B2                     
   175                           ; BSR set to: 14
   176   0000B2  85C1               	bsf	193,2,b	;volatile
   177   0000B4                     l101:
   178   0000B4  EF5A  F000         	goto	l101
   179   0000B8  EF18  F000         	goto	start
   180   0000BC                     __end_of_main:
   181                           	callstack 0
   182                           
   183 ;; *************** function _configuraT3 *****************
   184 ;; Defined at:
   185 ;;		line 34 in file "main.c"
   186 ;; Parameters:    Size  Location     Type
   187 ;;		None
   188 ;; Auto vars:     Size  Location     Type
   189 ;;		None
   190 ;; Return value:  Size  Location     Type
   191 ;;                  1    wreg      void 
   192 ;; Registers used:
   193 ;;		wreg, status,2
   194 ;; Tracked objects:
   195 ;;		On entry : 0/0
   196 ;;		On exit  : 0/0
   197 ;;		Unchanged: 0/0
   198 ;; Data sizes:     COMRAM   BANK0   BANK1   BANK2   BANK3   BANK4   BANK5   BANK6   BANK7   BANK8   BANK9  BANK10  BANK1
      +1  BANK12  BANK13  BANK14
   199 ;;      Params:         0       0       0       0       0       0       0       0       0       0       0       0       
      +0       0       0       0
   200 ;;      Locals:         0       0       0       0       0       0       0       0       0       0       0       0       
      +0       0       0       0
   201 ;;      Temps:          0       0       0       0       0       0       0       0       0       0       0       0       
      +0       0       0       0
   202 ;;      Totals:         0       0       0       0       0       0       0       0       0       0       0       0       
      +0       0       0       0
   203 ;;Total ram usage:        0 bytes
   204 ;; Hardware stack levels used: 1
   205 ;; Hardware stack levels required when called: 2
   206 ;; This function calls:
   207 ;;		Nothing
   208 ;; This function is called by:
   209 ;;		_main
   210 ;; This function uses a non-reentrant model
   211 ;;
   212                           
   213                           	psect	text1
   214   0000DA                     __ptext1:
   215                           	callstack 0
   216   0000DA                     _configuraT3:
   217                           	callstack 28
   218   0000DA                     
   219                           ;main.c: 35: 
   220   0000DA  0E01               	movlw	1
   221   0000DC  6ECB               	movwf	203,c	;volatile
   222                           
   223                           ;main.c: 36:     T2CLKCON=1;
   224   0000DE  0EF2               	movlw	242
   225   0000E0  6EC8               	movwf	200,c	;volatile
   226                           
   227                           ;main.c: 37:     T2PR=0xFF;
   228   0000E2  0E00               	movlw	0
   229   0000E4  6EC9               	movwf	201,c	;volatile
   230                           
   231                           ;main.c: 38:     T2CON=0x80;
   232   0000E6  0E0B               	movlw	11
   233   0000E8  6EC7               	movwf	199,c	;volatile
   234                           
   235                           ;main.c: 39:     CCP2CONbits.CCP2EN=1;
   236   0000EA  0EDC               	movlw	220
   237   0000EC  6EC6               	movwf	198,c	;volatile
   238   0000EE                     
   239                           ;main.c: 40: }
   240   0000EE  80C8               	bsf	200,0,c	;volatile
   241   0000F0  0012               	return		;funcret
   242   0000F2                     __end_of_configuraT3:
   243                           	callstack 0
   244                           
   245 ;; *************** function _configuraPWM *****************
   246 ;; Defined at:
   247 ;;		line 42 in file "main.c"
   248 ;; Parameters:    Size  Location     Type
   249 ;;		None
   250 ;; Auto vars:     Size  Location     Type
   251 ;;		None
   252 ;; Return value:  Size  Location     Type
   253 ;;                  1    wreg      void 
   254 ;; Registers used:
   255 ;;		wreg, status,2
   256 ;; Tracked objects:
   257 ;;		On entry : 0/0
   258 ;;		On exit  : 0/0
   259 ;;		Unchanged: 0/0
   260 ;; Data sizes:     COMRAM   BANK0   BANK1   BANK2   BANK3   BANK4   BANK5   BANK6   BANK7   BANK8   BANK9  BANK10  BANK1
      +1  BANK12  BANK13  BANK14
   261 ;;      Params:         0       0       0       0       0       0       0       0       0       0       0       0       
      +0       0       0       0
   262 ;;      Locals:         0       0       0       0       0       0       0       0       0       0       0       0       
      +0       0       0       0
   263 ;;      Temps:          0       0       0       0       0       0       0       0       0       0       0       0       
      +0       0       0       0
   264 ;;      Totals:         0       0       0       0       0       0       0       0       0       0       0       0       
      +0       0       0       0
   265 ;;Total ram usage:        0 bytes
   266 ;; Hardware stack levels used: 1
   267 ;; Hardware stack levels required when called: 2
   268 ;; This function calls:
   269 ;;		Nothing
   270 ;; This function is called by:
   271 ;;		_main
   272 ;; This function uses a non-reentrant model
   273 ;;
   274                           
   275                           	psect	text2
   276   000068                     __ptext2:
   277                           	callstack 0
   278   000068                     _configuraPWM:
   279                           	callstack 28
   280   000068                     
   281                           ;main.c: 43:     if (ADCON0bits.GO==0){
   282   000068  9284               	bcf	132,1,c	;volatile
   283                           
   284                           ;main.c: 44:         LATA=ADRESL;
   285   00006A  9289               	bcf	137,1,c	;volatile
   286                           
   287                           ;main.c: 45: 
   288   00006C  010F               	movlb	15	; () banked
   289   00006E  931C               	bcf	28,1,b	;volatile
   290   000070                     
   291                           ; BSR set to: 15
   292                           ;main.c: 46: 
   293   000070  0E06               	movlw	6
   294   000072  010E               	movlb	14	; () banked
   295   000074  6FF3               	movwf	243,b	;volatile
   296                           
   297                           ;main.c: 48:         CCPR2L=ADRESL;
   298   000076  0E00               	movlw	0
   299   000078  6EA7               	movwf	167,c	;volatile
   300                           
   301                           ;main.c: 49:     }
   302   00007A  50A7               	movf	167,w,c	;volatile
   303   00007C  0BF0               	andlw	-16
   304   00007E  090C               	iorlw	12
   305   000080  6EA7               	movwf	167,c	;volatile
   306                           
   307                           ;main.c: 50: }
   308   000082  50AD               	movf	173,w,c	;volatile
   309   000084  0BF3               	andlw	-13
   310   000086  0904               	iorlw	4
   311   000088  6EAD               	movwf	173,c	;volatile
   312                           
   313                           ;main.c: 52: void __attribute__((picinterrupt(("high_priority")))) interrupciones(void){
   314   00008A  0E01               	movlw	1
   315   00008C  6EBE               	movwf	190,c	;volatile
   316   00008E                     
   317                           ; BSR set to: 14
   318                           ;main.c: 53:     if (PIR4bits.TMR3IF==1){
   319   00008E  68BB               	setf	187,c	;volatile
   320                           
   321                           ;main.c: 54:         TMR3H=0xC2;
   322   000090  0E80               	movlw	128
   323   000092  6EBC               	movwf	188,c	;volatile
   324   000094                     
   325                           ; BSR set to: 14
   326                           ;main.c: 55:         TMR3L=0xF7;
   327   000094  8EA7               	bsf	167,7,c	;volatile
   328   000096                     
   329                           ; BSR set to: 14
   330   000096  0012               	return		;funcret
   331   000098                     __end_of_configuraPWM:
   332                           	callstack 0
   333                           
   334 ;; *************** function _configuraPA *****************
   335 ;; Defined at:
   336 ;;		line 16 in file "main.c"
   337 ;; Parameters:    Size  Location     Type
   338 ;;		None
   339 ;; Auto vars:     Size  Location     Type
   340 ;;		None
   341 ;; Return value:  Size  Location     Type
   342 ;;                  1    wreg      void 
   343 ;; Registers used:
   344 ;;		wreg, status,2
   345 ;; Tracked objects:
   346 ;;		On entry : 0/0
   347 ;;		On exit  : 0/0
   348 ;;		Unchanged: 0/0
   349 ;; Data sizes:     COMRAM   BANK0   BANK1   BANK2   BANK3   BANK4   BANK5   BANK6   BANK7   BANK8   BANK9  BANK10  BANK1
      +1  BANK12  BANK13  BANK14
   350 ;;      Params:         0       0       0       0       0       0       0       0       0       0       0       0       
      +0       0       0       0
   351 ;;      Locals:         0       0       0       0       0       0       0       0       0       0       0       0       
      +0       0       0       0
   352 ;;      Temps:          0       0       0       0       0       0       0       0       0       0       0       0       
      +0       0       0       0
   353 ;;      Totals:         0       0       0       0       0       0       0       0       0       0       0       0       
      +0       0       0       0
   354 ;;Total ram usage:        0 bytes
   355 ;; Hardware stack levels used: 1
   356 ;; Hardware stack levels required when called: 2
   357 ;; This function calls:
   358 ;;		Nothing
   359 ;; This function is called by:
   360 ;;		_main
   361 ;; This function uses a non-reentrant model
   362 ;;
   363                           
   364                           	psect	text3
   365   0000F2                     __ptext3:
   366                           	callstack 0
   367   0000F2                     _configuraPA:
   368                           	callstack 28
   369   0000F2                     
   370                           ;main.c: 17: }
   371   0000F2  0E00               	movlw	0
   372   0000F4  010F               	movlb	15	; () banked
   373   0000F6  6F0C               	movwf	12,b	;volatile
   374                           
   375                           ;main.c: 18: void configuraT3(){
   376   0000F8  0E00               	movlw	0
   377   0000FA  6E87               	movwf	135,c	;volatile
   378   0000FC                     
   379                           ; BSR set to: 15
   380   0000FC  0012               	return		;funcret
   381   0000FE                     __end_of_configuraPA:
   382                           	callstack 0
   383                           
   384 ;; *************** function _configuraAD *****************
   385 ;; Defined at:
   386 ;;		line 20 in file "main.c"
   387 ;; Parameters:    Size  Location     Type
   388 ;;		None
   389 ;; Auto vars:     Size  Location     Type
   390 ;;		None
   391 ;; Return value:  Size  Location     Type
   392 ;;                  1    wreg      void 
   393 ;; Registers used:
   394 ;;		wreg, status,2
   395 ;; Tracked objects:
   396 ;;		On entry : 0/0
   397 ;;		On exit  : 0/0
   398 ;;		Unchanged: 0/0
   399 ;; Data sizes:     COMRAM   BANK0   BANK1   BANK2   BANK3   BANK4   BANK5   BANK6   BANK7   BANK8   BANK9  BANK10  BANK1
      +1  BANK12  BANK13  BANK14
   400 ;;      Params:         0       0       0       0       0       0       0       0       0       0       0       0       
      +0       0       0       0
   401 ;;      Locals:         0       0       0       0       0       0       0       0       0       0       0       0       
      +0       0       0       0
   402 ;;      Temps:          0       0       0       0       0       0       0       0       0       0       0       0       
      +0       0       0       0
   403 ;;      Totals:         0       0       0       0       0       0       0       0       0       0       0       0       
      +0       0       0       0
   404 ;;Total ram usage:        0 bytes
   405 ;; Hardware stack levels used: 1
   406 ;; Hardware stack levels required when called: 2
   407 ;; This function calls:
   408 ;;		Nothing
   409 ;; This function is called by:
   410 ;;		_main
   411 ;; This function uses a non-reentrant model
   412 ;;
   413                           
   414                           	psect	text4
   415   000034                     __ptext4:
   416                           	callstack 0
   417   000034                     _configuraAD:
   418                           	callstack 28
   419   000034                     
   420                           ;main.c: 21:     T3GCON=0;
   421   000034  0E00               	movlw	0
   422   000036  010F               	movlb	15	; () banked
   423   000038  6F54               	movwf	84,b	;volatile
   424                           
   425                           ;main.c: 22:     TMR3H=0x0B;
   426   00003A  0E00               	movlw	0
   427   00003C  6F55               	movwf	85,b	;volatile
   428                           
   429                           ;main.c: 23:     TMR3L=0xDC;
   430   00003E  0E00               	movlw	0
   431   000040  6F56               	movwf	86,b	;volatile
   432                           
   433                           ;main.c: 24:     T3CONbits.ON=1;
   434   000042  0E00               	movlw	0
   435   000044  6F53               	movwf	83,b	;volatile
   436                           
   437                           ;main.c: 25: }
   438   000046  0E00               	movlw	0
   439   000048  6F5A               	movwf	90,b	;volatile
   440                           
   441                           ;main.c: 26: void configuraPWM(){
   442   00004A  0E00               	movlw	0
   443   00004C  6F57               	movwf	87,b	;volatile
   444                           
   445                           ;main.c: 27:     LATCbits.LATC1=0;
   446   00004E  0E00               	movlw	0
   447   000050  6E61               	movwf	97,c	;volatile
   448                           
   449                           ;main.c: 28:     TRISCbits.TRISC1=0;
   450   000052  0E00               	movlw	0
   451   000054  6F51               	movwf	81,b	;volatile
   452                           
   453                           ;main.c: 29:     ANSELCbits.ANSELC1=0;
   454   000056  0E94               	movlw	148
   455   000058  6F5B               	movwf	91,b	;volatile
   456                           
   457                           ;main.c: 30:     RC1PPS=0x06;
   458   00005A  0E01               	movlw	1
   459   00005C  6E87               	movwf	135,c	;volatile
   460                           
   461                           ;main.c: 31: 
   462   00005E  0E01               	movlw	1
   463   000060  6F0C               	movwf	12,b	;volatile
   464                           
   465                           ;main.c: 32:     CCP2CON=0;
   466   000062  0E95               	movlw	149
   467   000064  6F5B               	movwf	91,b	;volatile
   468   000066                     
   469                           ; BSR set to: 15
   470   000066  0012               	return		;funcret
   471   000068                     __end_of_configuraAD:
   472                           	callstack 0
   473                           
   474 ;; *************** function _interrupciones *****************
   475 ;; Defined at:
   476 ;;		line 68 in file "main.c"
   477 ;; Parameters:    Size  Location     Type
   478 ;;		None
   479 ;; Auto vars:     Size  Location     Type
   480 ;;		None
   481 ;; Return value:  Size  Location     Type
   482 ;;                  1    wreg      void 
   483 ;; Registers used:
   484 ;;		wreg, status,2, cstack
   485 ;; Tracked objects:
   486 ;;		On entry : 0/0
   487 ;;		On exit  : 0/0
   488 ;;		Unchanged: 0/0
   489 ;; Data sizes:     COMRAM   BANK0   BANK1   BANK2   BANK3   BANK4   BANK5   BANK6   BANK7   BANK8   BANK9  BANK10  BANK1
      +1  BANK12  BANK13  BANK14
   490 ;;      Params:         0       0       0       0       0       0       0       0       0       0       0       0       
      +0       0       0       0
   491 ;;      Locals:         0       0       0       0       0       0       0       0       0       0       0       0       
      +0       0       0       0
   492 ;;      Temps:          0       0       0       0       0       0       0       0       0       0       0       0       
      +0       0       0       0
   493 ;;      Totals:         0       0       0       0       0       0       0       0       0       0       0       0       
      +0       0       0       0
   494 ;;Total ram usage:        0 bytes
   495 ;; Hardware stack levels used: 1
   496 ;; Hardware stack levels required when called: 1
   497 ;; This function calls:
   498 ;;		_mostrarleds
   499 ;; This function is called by:
   500 ;;		Interrupt level 2
   501 ;; This function uses a non-reentrant model
   502 ;;
   503                           
   504                           	psect	intcode
   505   000008                     __pintcode:
   506                           	callstack 0
   507   000008                     _interrupciones:
   508                           	callstack 28
   509                           
   510                           ; BSR set to: 15
   511                           ;incstack = 0
   512   000008  8206               	bsf	int$flags,1,c	;set compiler interrupt flag (level 2)
   513   00000A                     
   514                           ;main.c: 69:     INTCONbits.IPEN=1;
   515   00000A  010E               	movlb	14	; () banked
   516   00000C  A5C9               	btfss	201,2,b	;volatile
   517   00000E  EF0B  F000         	goto	i2u2_41
   518   000012  EF0D  F000         	goto	i2u2_40
   519   000016                     i2u2_41:
   520   000016  EF16  F000         	goto	i2l96
   521   00001A                     i2u2_40:
   522   00001A                     
   523                           ; BSR set to: 14
   524                           ;main.c: 70:     INTCONbits.GIEH=1;
   525   00001A  0EC2               	movlw	194
   526   00001C  6EC7               	movwf	199,c	;volatile
   527                           
   528                           ;main.c: 71:     IPR4bits.TMR3IP=1;
   529   00001E  0EF7               	movlw	247
   530   000020  6EC6               	movwf	198,c	;volatile
   531   000022                     
   532                           ; BSR set to: 14
   533                           ;main.c: 72:     PIR4bits.TMR3IF=0;
   534   000022  95C9               	bcf	201,2,b	;volatile
   535   000024                     
   536                           ; BSR set to: 14
   537                           ;main.c: 73:     PIE4bits.TMR3IE=1;
   538   000024  EC5E  F000         	call	_mostrarleds	;wreg free
   539   000028                     
   540                           ;main.c: 75:     while(1){
   541   000028  010F               	movlb	15	; () banked
   542   00002A  815B               	bsf	91,0,b	;volatile
   543   00002C                     i2l96:
   544   00002C  9206               	bcf	int$flags,1,c	;clear compiler interrupt flag (level 2)
   545   00002E  0011               	retfie		f
   546   000030                     __end_of_interrupciones:
   547                           	callstack 0
   548                           
   549 ;; *************** function _mostrarleds *****************
   550 ;; Defined at:
   551 ;;		line 58 in file "main.c"
   552 ;; Parameters:    Size  Location     Type
   553 ;;		None
   554 ;; Auto vars:     Size  Location     Type
   555 ;;		None
   556 ;; Return value:  Size  Location     Type
   557 ;;                  1    wreg      void 
   558 ;; Registers used:
   559 ;;		None
   560 ;; Tracked objects:
   561 ;;		On entry : 0/0
   562 ;;		On exit  : 0/0
   563 ;;		Unchanged: 0/0
   564 ;; Data sizes:     COMRAM   BANK0   BANK1   BANK2   BANK3   BANK4   BANK5   BANK6   BANK7   BANK8   BANK9  BANK10  BANK1
      +1  BANK12  BANK13  BANK14
   565 ;;      Params:         0       0       0       0       0       0       0       0       0       0       0       0       
      +0       0       0       0
   566 ;;      Locals:         0       0       0       0       0       0       0       0       0       0       0       0       
      +0       0       0       0
   567 ;;      Temps:          0       0       0       0       0       0       0       0       0       0       0       0       
      +0       0       0       0
   568 ;;      Totals:         0       0       0       0       0       0       0       0       0       0       0       0       
      +0       0       0       0
   569 ;;Total ram usage:        0 bytes
   570 ;; Hardware stack levels used: 1
   571 ;; This function calls:
   572 ;;		Nothing
   573 ;; This function is called by:
   574 ;;		_interrupciones
   575 ;; This function uses a non-reentrant model
   576 ;;
   577                           
   578                           	psect	text6
   579   0000BC                     __ptext6:
   580                           	callstack 0
   581   0000BC                     _mostrarleds:
   582                           	callstack 28
   583   0000BC                     
   584                           ;main.c: 59:         ADCON0bits.GO=1;
   585   0000BC  010F               	movlb	15	; () banked
   586   0000BE  B15B               	btfsc	91,0,b	;volatile
   587   0000C0  EF64  F000         	goto	i2u1_41
   588   0000C4  EF66  F000         	goto	i2u1_40
   589   0000C8                     i2u1_41:
   590   0000C8  EF6C  F000         	goto	i2l90
   591   0000CC                     i2u1_40:
   592   0000CC                     
   593                           ; BSR set to: 15
   594                           ;main.c: 60:     }
   595   0000CC  CF5E FF82          	movff	3934,3970	;volatile
   596                           
   597                           ;main.c: 63: int main(int argc, char** argv) {
   598   0000D0  CF5F FFA6          	movff	3935,4006	;volatile
   599                           
   600                           ;main.c: 64:     configuraPA();
   601   0000D4  CF5E FFA5          	movff	3934,4005	;volatile
   602   0000D8                     i2l90:
   603                           
   604                           ; BSR set to: 15
   605   0000D8  0012               	return		;funcret
   606   0000DA                     __end_of_mostrarleds:
   607                           	callstack 0
   608   000000                     
   609                           	psect	rparam
   610   000000                     
   611                           	psect	temp
   612   000006                     btemp:
   613                           	callstack 0
   614   000006                     	ds	1
   615   000000                     int$flags	set	btemp
   616   000000                     wtemp8	set	btemp+1
   617   000000                     ttemp5	set	btemp+1
   618   000000                     ttemp6	set	btemp+4
   619   000000                     ttemp7	set	btemp+8
   620                           
   621                           	psect	idloc
   622                           
   623                           ;Config register IDLOC0 @ 0x200000
   624                           ;	unspecified, using default values
   625   200000                     	org	2097152
   626   200000  FFFF               	dw	65535
   627                           
   628                           ;Config register IDLOC1 @ 0x200002
   629                           ;	unspecified, using default values
   630   200002                     	org	2097154
   631   200002  FFFF               	dw	65535
   632                           
   633                           ;Config register IDLOC2 @ 0x200004
   634                           ;	unspecified, using default values
   635   200004                     	org	2097156
   636   200004  FFFF               	dw	65535
   637                           
   638                           ;Config register IDLOC3 @ 0x200006
   639                           ;	unspecified, using default values
   640   200006                     	org	2097158
   641   200006  FFFF               	dw	65535
   642                           
   643                           ;Config register IDLOC4 @ 0x200008
   644                           ;	unspecified, using default values
   645   200008                     	org	2097160
   646   200008  FFFF               	dw	65535
   647                           
   648                           ;Config register IDLOC5 @ 0x20000A
   649                           ;	unspecified, using default values
   650   20000A                     	org	2097162
   651   20000A  FFFF               	dw	65535
   652                           
   653                           ;Config register IDLOC6 @ 0x20000C
   654                           ;	unspecified, using default values
   655   20000C                     	org	2097164
   656   20000C  FFFF               	dw	65535
   657                           
   658                           ;Config register IDLOC7 @ 0x20000E
   659                           ;	unspecified, using default values
   660   20000E                     	org	2097166
   661   20000E  FFFF               	dw	65535
   662                           
   663                           ;Config register IDLOC8 @ 0x200010
   664                           ;	unspecified, using default values
   665   200010                     	org	2097168
   666   200010  FFFF               	dw	65535
   667                           
   668                           ;Config register IDLOC9 @ 0x200012
   669                           ;	unspecified, using default values
   670   200012                     	org	2097170
   671   200012  FFFF               	dw	65535
   672                           
   673                           ;Config register IDLOC10 @ 0x200014
   674                           ;	unspecified, using default values
   675   200014                     	org	2097172
   676   200014  FFFF               	dw	65535
   677                           
   678                           ;Config register IDLOC11 @ 0x200016
   679                           ;	unspecified, using default values
   680   200016                     	org	2097174
   681   200016  FFFF               	dw	65535
   682                           
   683                           ;Config register IDLOC12 @ 0x200018
   684                           ;	unspecified, using default values
   685   200018                     	org	2097176
   686   200018  FFFF               	dw	65535
   687                           
   688                           ;Config register IDLOC13 @ 0x20001A
   689                           ;	unspecified, using default values
   690   20001A                     	org	2097178
   691   20001A  FFFF               	dw	65535
   692                           
   693                           ;Config register IDLOC14 @ 0x20001C
   694                           ;	unspecified, using default values
   695   20001C                     	org	2097180
   696   20001C  FFFF               	dw	65535
   697                           
   698                           ;Config register IDLOC15 @ 0x20001E
   699                           ;	unspecified, using default values
   700   20001E                     	org	2097182
   701   20001E  FFFF               	dw	65535
   702                           
   703                           ;Config register IDLOC16 @ 0x200020
   704                           ;	unspecified, using default values
   705   200020                     	org	2097184
   706   200020  FFFF               	dw	65535
   707                           
   708                           ;Config register IDLOC17 @ 0x200022
   709                           ;	unspecified, using default values
   710   200022                     	org	2097186
   711   200022  FFFF               	dw	65535
   712                           
   713                           ;Config register IDLOC18 @ 0x200024
   714                           ;	unspecified, using default values
   715   200024                     	org	2097188
   716   200024  FFFF               	dw	65535
   717                           
   718                           ;Config register IDLOC19 @ 0x200026
   719                           ;	unspecified, using default values
   720   200026                     	org	2097190
   721   200026  FFFF               	dw	65535
   722                           
   723                           ;Config register IDLOC20 @ 0x200028
   724                           ;	unspecified, using default values
   725   200028                     	org	2097192
   726   200028  FFFF               	dw	65535
   727                           
   728                           ;Config register IDLOC21 @ 0x20002A
   729                           ;	unspecified, using default values
   730   20002A                     	org	2097194
   731   20002A  FFFF               	dw	65535
   732                           
   733                           ;Config register IDLOC22 @ 0x20002C
   734                           ;	unspecified, using default values
   735   20002C                     	org	2097196
   736   20002C  FFFF               	dw	65535
   737                           
   738                           ;Config register IDLOC23 @ 0x20002E
   739                           ;	unspecified, using default values
   740   20002E                     	org	2097198
   741   20002E  FFFF               	dw	65535
   742                           
   743                           ;Config register IDLOC24 @ 0x200030
   744                           ;	unspecified, using default values
   745   200030                     	org	2097200
   746   200030  FFFF               	dw	65535
   747                           
   748                           ;Config register IDLOC25 @ 0x200032
   749                           ;	unspecified, using default values
   750   200032                     	org	2097202
   751   200032  FFFF               	dw	65535
   752                           
   753                           ;Config register IDLOC26 @ 0x200034
   754                           ;	unspecified, using default values
   755   200034                     	org	2097204
   756   200034  FFFF               	dw	65535
   757                           
   758                           ;Config register IDLOC27 @ 0x200036
   759                           ;	unspecified, using default values
   760   200036                     	org	2097206
   761   200036  FFFF               	dw	65535
   762                           
   763                           ;Config register IDLOC28 @ 0x200038
   764                           ;	unspecified, using default values
   765   200038                     	org	2097208
   766   200038  FFFF               	dw	65535
   767                           
   768                           ;Config register IDLOC29 @ 0x20003A
   769                           ;	unspecified, using default values
   770   20003A                     	org	2097210
   771   20003A  FFFF               	dw	65535
   772                           
   773                           ;Config register IDLOC30 @ 0x20003C
   774                           ;	unspecified, using default values
   775   20003C                     	org	2097212
   776   20003C  FFFF               	dw	65535
   777                           
   778                           ;Config register IDLOC31 @ 0x20003E
   779                           ;	unspecified, using default values
   780   20003E                     	org	2097214
   781   20003E  FFFF               	dw	65535
   782                           
   783                           ;Config register IDLOC32 @ 0x200040
   784                           ;	unspecified, using default values
   785   200040                     	org	2097216
   786   200040  FFFF               	dw	65535
   787                           
   788                           ;Config register IDLOC33 @ 0x200042
   789                           ;	unspecified, using default values
   790   200042                     	org	2097218
   791   200042  FFFF               	dw	65535
   792                           
   793                           ;Config register IDLOC34 @ 0x200044
   794                           ;	unspecified, using default values
   795   200044                     	org	2097220
   796   200044  FFFF               	dw	65535
   797                           
   798                           ;Config register IDLOC35 @ 0x200046
   799                           ;	unspecified, using default values
   800   200046                     	org	2097222
   801   200046  FFFF               	dw	65535
   802                           
   803                           ;Config register IDLOC36 @ 0x200048
   804                           ;	unspecified, using default values
   805   200048                     	org	2097224
   806   200048  FFFF               	dw	65535
   807                           
   808                           ;Config register IDLOC37 @ 0x20004A
   809                           ;	unspecified, using default values
   810   20004A                     	org	2097226
   811   20004A  FFFF               	dw	65535
   812                           
   813                           ;Config register IDLOC38 @ 0x20004C
   814                           ;	unspecified, using default values
   815   20004C                     	org	2097228
   816   20004C  FFFF               	dw	65535
   817                           
   818                           ;Config register IDLOC39 @ 0x20004E
   819                           ;	unspecified, using default values
   820   20004E                     	org	2097230
   821   20004E  FFFF               	dw	65535
   822                           
   823                           ;Config register IDLOC40 @ 0x200050
   824                           ;	unspecified, using default values
   825   200050                     	org	2097232
   826   200050  FFFF               	dw	65535
   827                           
   828                           ;Config register IDLOC41 @ 0x200052
   829                           ;	unspecified, using default values
   830   200052                     	org	2097234
   831   200052  FFFF               	dw	65535
   832                           
   833                           ;Config register IDLOC42 @ 0x200054
   834                           ;	unspecified, using default values
   835   200054                     	org	2097236
   836   200054  FFFF               	dw	65535
   837                           
   838                           ;Config register IDLOC43 @ 0x200056
   839                           ;	unspecified, using default values
   840   200056                     	org	2097238
   841   200056  FFFF               	dw	65535
   842                           
   843                           ;Config register IDLOC44 @ 0x200058
   844                           ;	unspecified, using default values
   845   200058                     	org	2097240
   846   200058  FFFF               	dw	65535
   847                           
   848                           ;Config register IDLOC45 @ 0x20005A
   849                           ;	unspecified, using default values
   850   20005A                     	org	2097242
   851   20005A  FFFF               	dw	65535
   852                           
   853                           ;Config register IDLOC46 @ 0x20005C
   854                           ;	unspecified, using default values
   855   20005C                     	org	2097244
   856   20005C  FFFF               	dw	65535
   857                           
   858                           ;Config register IDLOC47 @ 0x20005E
   859                           ;	unspecified, using default values
   860   20005E                     	org	2097246
   861   20005E  FFFF               	dw	65535
   862                           
   863                           ;Config register IDLOC48 @ 0x200060
   864                           ;	unspecified, using default values
   865   200060                     	org	2097248
   866   200060  FFFF               	dw	65535
   867                           
   868                           ;Config register IDLOC49 @ 0x200062
   869                           ;	unspecified, using default values
   870   200062                     	org	2097250
   871   200062  FFFF               	dw	65535
   872                           
   873                           ;Config register IDLOC50 @ 0x200064
   874                           ;	unspecified, using default values
   875   200064                     	org	2097252
   876   200064  FFFF               	dw	65535
   877                           
   878                           ;Config register IDLOC51 @ 0x200066
   879                           ;	unspecified, using default values
   880   200066                     	org	2097254
   881   200066  FFFF               	dw	65535
   882                           
   883                           ;Config register IDLOC52 @ 0x200068
   884                           ;	unspecified, using default values
   885   200068                     	org	2097256
   886   200068  FFFF               	dw	65535
   887                           
   888                           ;Config register IDLOC53 @ 0x20006A
   889                           ;	unspecified, using default values
   890   20006A                     	org	2097258
   891   20006A  FFFF               	dw	65535
   892                           
   893                           ;Config register IDLOC54 @ 0x20006C
   894                           ;	unspecified, using default values
   895   20006C                     	org	2097260
   896   20006C  FFFF               	dw	65535
   897                           
   898                           ;Config register IDLOC55 @ 0x20006E
   899                           ;	unspecified, using default values
   900   20006E                     	org	2097262
   901   20006E  FFFF               	dw	65535
   902                           
   903                           ;Config register IDLOC56 @ 0x200070
   904                           ;	unspecified, using default values
   905   200070                     	org	2097264
   906   200070  FFFF               	dw	65535
   907                           
   908                           ;Config register IDLOC57 @ 0x200072
   909                           ;	unspecified, using default values
   910   200072                     	org	2097266
   911   200072  FFFF               	dw	65535
   912                           
   913                           ;Config register IDLOC58 @ 0x200074
   914                           ;	unspecified, using default values
   915   200074                     	org	2097268
   916   200074  FFFF               	dw	65535
   917                           
   918                           ;Config register IDLOC59 @ 0x200076
   919                           ;	unspecified, using default values
   920   200076                     	org	2097270
   921   200076  FFFF               	dw	65535
   922                           
   923                           ;Config register IDLOC60 @ 0x200078
   924                           ;	unspecified, using default values
   925   200078                     	org	2097272
   926   200078  FFFF               	dw	65535
   927                           
   928                           ;Config register IDLOC61 @ 0x20007A
   929                           ;	unspecified, using default values
   930   20007A                     	org	2097274
   931   20007A  FFFF               	dw	65535
   932                           
   933                           ;Config register IDLOC62 @ 0x20007C
   934                           ;	unspecified, using default values
   935   20007C                     	org	2097276
   936   20007C  FFFF               	dw	65535
   937                           
   938                           ;Config register IDLOC63 @ 0x20007E
   939                           ;	unspecified, using default values
   940   20007E                     	org	2097278
   941   20007E  FFFF               	dw	65535
   942                           
   943                           ;Config register IDLOC64 @ 0x200080
   944                           ;	unspecified, using default values
   945   200080                     	org	2097280
   946   200080  FFFF               	dw	65535
   947                           
   948                           ;Config register IDLOC65 @ 0x200082
   949                           ;	unspecified, using default values
   950   200082                     	org	2097282
   951   200082  FFFF               	dw	65535
   952                           
   953                           ;Config register IDLOC66 @ 0x200084
   954                           ;	unspecified, using default values
   955   200084                     	org	2097284
   956   200084  FFFF               	dw	65535
   957                           
   958                           ;Config register IDLOC67 @ 0x200086
   959                           ;	unspecified, using default values
   960   200086                     	org	2097286
   961   200086  FFFF               	dw	65535
   962                           
   963                           ;Config register IDLOC68 @ 0x200088
   964                           ;	unspecified, using default values
   965   200088                     	org	2097288
   966   200088  FFFF               	dw	65535
   967                           
   968                           ;Config register IDLOC69 @ 0x20008A
   969                           ;	unspecified, using default values
   970   20008A                     	org	2097290
   971   20008A  FFFF               	dw	65535
   972                           
   973                           ;Config register IDLOC70 @ 0x20008C
   974                           ;	unspecified, using default values
   975   20008C                     	org	2097292
   976   20008C  FFFF               	dw	65535
   977                           
   978                           ;Config register IDLOC71 @ 0x20008E
   979                           ;	unspecified, using default values
   980   20008E                     	org	2097294
   981   20008E  FFFF               	dw	65535
   982                           
   983                           ;Config register IDLOC72 @ 0x200090
   984                           ;	unspecified, using default values
   985   200090                     	org	2097296
   986   200090  FFFF               	dw	65535
   987                           
   988                           ;Config register IDLOC73 @ 0x200092
   989                           ;	unspecified, using default values
   990   200092                     	org	2097298
   991   200092  FFFF               	dw	65535
   992                           
   993                           ;Config register IDLOC74 @ 0x200094
   994                           ;	unspecified, using default values
   995   200094                     	org	2097300
   996   200094  FFFF               	dw	65535
   997                           
   998                           ;Config register IDLOC75 @ 0x200096
   999                           ;	unspecified, using default values
  1000   200096                     	org	2097302
  1001   200096  FFFF               	dw	65535
  1002                           
  1003                           ;Config register IDLOC76 @ 0x200098
  1004                           ;	unspecified, using default values
  1005   200098                     	org	2097304
  1006   200098  FFFF               	dw	65535
  1007                           
  1008                           ;Config register IDLOC77 @ 0x20009A
  1009                           ;	unspecified, using default values
  1010   20009A                     	org	2097306
  1011   20009A  FFFF               	dw	65535
  1012                           
  1013                           ;Config register IDLOC78 @ 0x20009C
  1014                           ;	unspecified, using default values
  1015   20009C                     	org	2097308
  1016   20009C  FFFF               	dw	65535
  1017                           
  1018                           ;Config register IDLOC79 @ 0x20009E
  1019                           ;	unspecified, using default values
  1020   20009E                     	org	2097310
  1021   20009E  FFFF               	dw	65535
  1022                           
  1023                           ;Config register IDLOC80 @ 0x2000A0
  1024                           ;	unspecified, using default values
  1025   2000A0                     	org	2097312
  1026   2000A0  FFFF               	dw	65535
  1027                           
  1028                           ;Config register IDLOC81 @ 0x2000A2
  1029                           ;	unspecified, using default values
  1030   2000A2                     	org	2097314
  1031   2000A2  FFFF               	dw	65535
  1032                           
  1033                           ;Config register IDLOC82 @ 0x2000A4
  1034                           ;	unspecified, using default values
  1035   2000A4                     	org	2097316
  1036   2000A4  FFFF               	dw	65535
  1037                           
  1038                           ;Config register IDLOC83 @ 0x2000A6
  1039                           ;	unspecified, using default values
  1040   2000A6                     	org	2097318
  1041   2000A6  FFFF               	dw	65535
  1042                           
  1043                           ;Config register IDLOC84 @ 0x2000A8
  1044                           ;	unspecified, using default values
  1045   2000A8                     	org	2097320
  1046   2000A8  FFFF               	dw	65535
  1047                           
  1048                           ;Config register IDLOC85 @ 0x2000AA
  1049                           ;	unspecified, using default values
  1050   2000AA                     	org	2097322
  1051   2000AA  FFFF               	dw	65535
  1052                           
  1053                           ;Config register IDLOC86 @ 0x2000AC
  1054                           ;	unspecified, using default values
  1055   2000AC                     	org	2097324
  1056   2000AC  FFFF               	dw	65535
  1057                           
  1058                           ;Config register IDLOC87 @ 0x2000AE
  1059                           ;	unspecified, using default values
  1060   2000AE                     	org	2097326
  1061   2000AE  FFFF               	dw	65535
  1062                           
  1063                           ;Config register IDLOC88 @ 0x2000B0
  1064                           ;	unspecified, using default values
  1065   2000B0                     	org	2097328
  1066   2000B0  FFFF               	dw	65535
  1067                           
  1068                           ;Config register IDLOC89 @ 0x2000B2
  1069                           ;	unspecified, using default values
  1070   2000B2                     	org	2097330
  1071   2000B2  FFFF               	dw	65535
  1072                           
  1073                           ;Config register IDLOC90 @ 0x2000B4
  1074                           ;	unspecified, using default values
  1075   2000B4                     	org	2097332
  1076   2000B4  FFFF               	dw	65535
  1077                           
  1078                           ;Config register IDLOC91 @ 0x2000B6
  1079                           ;	unspecified, using default values
  1080   2000B6                     	org	2097334
  1081   2000B6  FFFF               	dw	65535
  1082                           
  1083                           ;Config register IDLOC92 @ 0x2000B8
  1084                           ;	unspecified, using default values
  1085   2000B8                     	org	2097336
  1086   2000B8  FFFF               	dw	65535
  1087                           
  1088                           ;Config register IDLOC93 @ 0x2000BA
  1089                           ;	unspecified, using default values
  1090   2000BA                     	org	2097338
  1091   2000BA  FFFF               	dw	65535
  1092                           
  1093                           ;Config register IDLOC94 @ 0x2000BC
  1094                           ;	unspecified, using default values
  1095   2000BC                     	org	2097340
  1096   2000BC  FFFF               	dw	65535
  1097                           
  1098                           ;Config register IDLOC95 @ 0x2000BE
  1099                           ;	unspecified, using default values
  1100   2000BE                     	org	2097342
  1101   2000BE  FFFF               	dw	65535
  1102                           
  1103                           ;Config register IDLOC96 @ 0x2000C0
  1104                           ;	unspecified, using default values
  1105   2000C0                     	org	2097344
  1106   2000C0  FFFF               	dw	65535
  1107                           
  1108                           ;Config register IDLOC97 @ 0x2000C2
  1109                           ;	unspecified, using default values
  1110   2000C2                     	org	2097346
  1111   2000C2  FFFF               	dw	65535
  1112                           
  1113                           ;Config register IDLOC98 @ 0x2000C4
  1114                           ;	unspecified, using default values
  1115   2000C4                     	org	2097348
  1116   2000C4  FFFF               	dw	65535
  1117                           
  1118                           ;Config register IDLOC99 @ 0x2000C6
  1119                           ;	unspecified, using default values
  1120   2000C6                     	org	2097350
  1121   2000C6  FFFF               	dw	65535
  1122                           
  1123                           ;Config register IDLOC100 @ 0x2000C8
  1124                           ;	unspecified, using default values
  1125   2000C8                     	org	2097352
  1126   2000C8  FFFF               	dw	65535
  1127                           
  1128                           ;Config register IDLOC101 @ 0x2000CA
  1129                           ;	unspecified, using default values
  1130   2000CA                     	org	2097354
  1131   2000CA  FFFF               	dw	65535
  1132                           
  1133                           ;Config register IDLOC102 @ 0x2000CC
  1134                           ;	unspecified, using default values
  1135   2000CC                     	org	2097356
  1136   2000CC  FFFF               	dw	65535
  1137                           
  1138                           ;Config register IDLOC103 @ 0x2000CE
  1139                           ;	unspecified, using default values
  1140   2000CE                     	org	2097358
  1141   2000CE  FFFF               	dw	65535
  1142                           
  1143                           ;Config register IDLOC104 @ 0x2000D0
  1144                           ;	unspecified, using default values
  1145   2000D0                     	org	2097360
  1146   2000D0  FFFF               	dw	65535
  1147                           
  1148                           ;Config register IDLOC105 @ 0x2000D2
  1149                           ;	unspecified, using default values
  1150   2000D2                     	org	2097362
  1151   2000D2  FFFF               	dw	65535
  1152                           
  1153                           ;Config register IDLOC106 @ 0x2000D4
  1154                           ;	unspecified, using default values
  1155   2000D4                     	org	2097364
  1156   2000D4  FFFF               	dw	65535
  1157                           
  1158                           ;Config register IDLOC107 @ 0x2000D6
  1159                           ;	unspecified, using default values
  1160   2000D6                     	org	2097366
  1161   2000D6  FFFF               	dw	65535
  1162                           
  1163                           ;Config register IDLOC108 @ 0x2000D8
  1164                           ;	unspecified, using default values
  1165   2000D8                     	org	2097368
  1166   2000D8  FFFF               	dw	65535
  1167                           
  1168                           ;Config register IDLOC109 @ 0x2000DA
  1169                           ;	unspecified, using default values
  1170   2000DA                     	org	2097370
  1171   2000DA  FFFF               	dw	65535
  1172                           
  1173                           ;Config register IDLOC110 @ 0x2000DC
  1174                           ;	unspecified, using default values
  1175   2000DC                     	org	2097372
  1176   2000DC  FFFF               	dw	65535
  1177                           
  1178                           ;Config register IDLOC111 @ 0x2000DE
  1179                           ;	unspecified, using default values
  1180   2000DE                     	org	2097374
  1181   2000DE  FFFF               	dw	65535
  1182                           
  1183                           ;Config register IDLOC112 @ 0x2000E0
  1184                           ;	unspecified, using default values
  1185   2000E0                     	org	2097376
  1186   2000E0  FFFF               	dw	65535
  1187                           
  1188                           ;Config register IDLOC113 @ 0x2000E2
  1189                           ;	unspecified, using default values
  1190   2000E2                     	org	2097378
  1191   2000E2  FFFF               	dw	65535
  1192                           
  1193                           ;Config register IDLOC114 @ 0x2000E4
  1194                           ;	unspecified, using default values
  1195   2000E4                     	org	2097380
  1196   2000E4  FFFF               	dw	65535
  1197                           
  1198                           ;Config register IDLOC115 @ 0x2000E6
  1199                           ;	unspecified, using default values
  1200   2000E6                     	org	2097382
  1201   2000E6  FFFF               	dw	65535
  1202                           
  1203                           ;Config register IDLOC116 @ 0x2000E8
  1204                           ;	unspecified, using default values
  1205   2000E8                     	org	2097384
  1206   2000E8  FFFF               	dw	65535
  1207                           
  1208                           ;Config register IDLOC117 @ 0x2000EA
  1209                           ;	unspecified, using default values
  1210   2000EA                     	org	2097386
  1211   2000EA  FFFF               	dw	65535
  1212                           
  1213                           ;Config register IDLOC118 @ 0x2000EC
  1214                           ;	unspecified, using default values
  1215   2000EC                     	org	2097388
  1216   2000EC  FFFF               	dw	65535
  1217                           
  1218                           ;Config register IDLOC119 @ 0x2000EE
  1219                           ;	unspecified, using default values
  1220   2000EE                     	org	2097390
  1221   2000EE  FFFF               	dw	65535
  1222                           
  1223                           ;Config register IDLOC120 @ 0x2000F0
  1224                           ;	unspecified, using default values
  1225   2000F0                     	org	2097392
  1226   2000F0  FFFF               	dw	65535
  1227                           
  1228                           ;Config register IDLOC121 @ 0x2000F2
  1229                           ;	unspecified, using default values
  1230   2000F2                     	org	2097394
  1231   2000F2  FFFF               	dw	65535
  1232                           
  1233                           ;Config register IDLOC122 @ 0x2000F4
  1234                           ;	unspecified, using default values
  1235   2000F4                     	org	2097396
  1236   2000F4  FFFF               	dw	65535
  1237                           
  1238                           ;Config register IDLOC123 @ 0x2000F6
  1239                           ;	unspecified, using default values
  1240   2000F6                     	org	2097398
  1241   2000F6  FFFF               	dw	65535
  1242                           
  1243                           ;Config register IDLOC124 @ 0x2000F8
  1244                           ;	unspecified, using default values
  1245   2000F8                     	org	2097400
  1246   2000F8  FFFF               	dw	65535
  1247                           
  1248                           ;Config register IDLOC125 @ 0x2000FA
  1249                           ;	unspecified, using default values
  1250   2000FA                     	org	2097402
  1251   2000FA  FFFF               	dw	65535
  1252                           
  1253                           ;Config register IDLOC126 @ 0x2000FC
  1254                           ;	unspecified, using default values
  1255   2000FC                     	org	2097404
  1256   2000FC  FFFF               	dw	65535
  1257                           
  1258                           ;Config register IDLOC127 @ 0x2000FE
  1259                           ;	unspecified, using default values
  1260   2000FE                     	org	2097406
  1261   2000FE  FFFF               	dw	65535
  1262                           
  1263                           	psect	config
  1264                           
  1265                           ;Config register CONFIG1L @ 0x300000
  1266                           ;	External Oscillator mode Selection bits
  1267                           ;	FEXTOSC = OFF, Oscillator not enabled
  1268                           ;	Power-up default value for COSC bits
  1269                           ;	RSTOSC = HFINTOSC_1MHZ, HFINTOSC with HFFRQ = 4 MHz and CDIV = 4:1
  1270   300000                     	org	3145728
  1271   300000  EC                 	db	236
  1272                           
  1273                           ;Config register CONFIG1H @ 0x300001
  1274                           ;	unspecified, using default values
  1275                           ;	Clock Out Enable bit
  1276                           ;	CLKOUTEN = 0x1, unprogrammed default
  1277                           ;	Clock Switch Enable bit
  1278                           ;	CSWEN = 0x1, unprogrammed default
  1279                           ;	Fail-Safe Clock Monitor Enable bit
  1280                           ;	FCMEN = 0x1, unprogrammed default
  1281   300001                     	org	3145729
  1282   300001  FF                 	db	255
  1283                           
  1284                           ;Config register CONFIG2L @ 0x300002
  1285                           ;	unspecified, using default values
  1286                           ;	Master Clear Enable bit
  1287                           ;	MCLRE = 0x1, unprogrammed default
  1288                           ;	Power-up Timer Enable bit
  1289                           ;	PWRTE = 0x1, unprogrammed default
  1290                           ;	Low-power BOR enable bit
  1291                           ;	LPBOREN = 0x1, unprogrammed default
  1292                           ;	Brown-out Reset Enable bits
  1293                           ;	BOREN = 0x3, unprogrammed default
  1294   300002                     	org	3145730
  1295   300002  FF                 	db	255
  1296                           
  1297                           ;Config register CONFIG2H @ 0x300003
  1298                           ;	unspecified, using default values
  1299                           ;	Brown Out Reset Voltage selection bits
  1300                           ;	BORV = 0x3, unprogrammed default
  1301                           ;	ZCD Disable bit
  1302                           ;	ZCD = 0x1, unprogrammed default
  1303                           ;	PPSLOCK bit One-Way Set Enable bit
  1304                           ;	PPS1WAY = 0x1, unprogrammed default
  1305                           ;	Stack Full/Underflow Reset Enable bit
  1306                           ;	STVREN = 0x1, unprogrammed default
  1307                           ;	Extended Instruction Set Enable bit
  1308                           ;	XINST = 0x1, unprogrammed default
  1309   300003                     	org	3145731
  1310   300003  FF                 	db	255
  1311                           
  1312                           ;Config register CONFIG3L @ 0x300004
  1313                           ;	WDT Period Select bits
  1314                           ;	WDTCPS = 0x1F, unprogrammed default
  1315                           ;	WDT operating mode
  1316                           ;	WDTE = OFF, WDT Disabled
  1317   300004                     	org	3145732
  1318   300004  9F                 	db	159
  1319                           
  1320                           ;Config register CONFIG3H @ 0x300005
  1321                           ;	unspecified, using default values
  1322                           ;	WDT Window Select bits
  1323                           ;	WDTCWS = 0x7, unprogrammed default
  1324                           ;	WDT input clock selector
  1325                           ;	WDTCCS = 0x7, unprogrammed default
  1326   300005                     	org	3145733
  1327   300005  FF                 	db	255
  1328                           
  1329                           ;Config register CONFIG4L @ 0x300006
  1330                           ;	unspecified, using default values
  1331                           ;	Write Protection Block 0
  1332                           ;	WRT0 = 0x1, unprogrammed default
  1333                           ;	Write Protection Block 1
  1334                           ;	WRT1 = 0x1, unprogrammed default
  1335                           ;	Write Protection Block 2
  1336                           ;	WRT2 = 0x1, unprogrammed default
  1337                           ;	Write Protection Block 3
  1338                           ;	WRT3 = 0x1, unprogrammed default
  1339                           ;	Write Protection Block 4
  1340                           ;	WRT4 = 0x1, unprogrammed default
  1341                           ;	Write Protection Block 5
  1342                           ;	WRT5 = 0x1, unprogrammed default
  1343                           ;	Write Protection Block 6
  1344                           ;	WRT6 = 0x1, unprogrammed default
  1345                           ;	Write Protection Block 7
  1346                           ;	WRT7 = 0x1, unprogrammed default
  1347   300006                     	org	3145734
  1348   300006  FF                 	db	255
  1349                           
  1350                           ;Config register CONFIG4H @ 0x300007
  1351                           ;	Configuration Register Write Protection bit
  1352                           ;	WRTC = 0x1, unprogrammed default
  1353                           ;	Boot Block Write Protection bit
  1354                           ;	WRTB = 0x1, unprogrammed default
  1355                           ;	Data EEPROM Write Protection bit
  1356                           ;	WRTD = 0x1, unprogrammed default
  1357                           ;	Scanner Enable bit
  1358                           ;	SCANE = 0x1, unprogrammed default
  1359                           ;	Low Voltage Programming Enable bit
  1360                           ;	LVP = ON, Low voltage programming enabled. MCLR/VPP pin function is MCLR. MCLRE config
      +                          uration bit is ignored
  1361   300007                     	org	3145735
  1362   300007  FF                 	db	255
  1363                           
  1364                           ;Config register CONFIG5L @ 0x300008
  1365                           ;	unspecified, using default values
  1366                           ;	UserNVM Program Memory Code Protection bit
  1367                           ;	CP = 0x1, unprogrammed default
  1368                           ;	DataNVM Memory Code Protection bit
  1369                           ;	CPD = 0x1, unprogrammed default
  1370   300008                     	org	3145736
  1371   300008  FF                 	db	255
  1372                           
  1373                           ;Config register CONFIG5H @ 0x300009
  1374                           ;	unspecified, using default values
  1375   300009                     	org	3145737
  1376   300009  FF                 	db	255
  1377                           
  1378                           ;Config register CONFIG6L @ 0x30000A
  1379                           ;	unspecified, using default values
  1380                           ;	Table Read Protection Block 0
  1381                           ;	EBTR0 = 0x1, unprogrammed default
  1382                           ;	Table Read Protection Block 1
  1383                           ;	EBTR1 = 0x1, unprogrammed default
  1384                           ;	Table Read Protection Block 2
  1385                           ;	EBTR2 = 0x1, unprogrammed default
  1386                           ;	Table Read Protection Block 3
  1387                           ;	EBTR3 = 0x1, unprogrammed default
  1388                           ;	Table Read Protection Block 4
  1389                           ;	EBTR4 = 0x1, unprogrammed default
  1390                           ;	Table Read Protection Block 5
  1391                           ;	EBTR5 = 0x1, unprogrammed default
  1392                           ;	Table Read Protection Block 6
  1393                           ;	EBTR6 = 0x1, unprogrammed default
  1394                           ;	Table Read Protection Block 7
  1395                           ;	EBTR7 = 0x1, unprogrammed default
  1396   30000A                     	org	3145738
  1397   30000A  FF                 	db	255
  1398                           
  1399                           ;Config register CONFIG6H @ 0x30000B
  1400                           ;	unspecified, using default values
  1401                           ;	Boot Block Table Read Protection bit
  1402                           ;	EBTRB = 0x1, unprogrammed default
  1403   30000B                     	org	3145739
  1404   30000B  FF                 	db	255
  1405                           tosu	equ	0xFFF
  1406                           tosh	equ	0xFFE
  1407                           tosl	equ	0xFFD
  1408                           stkptr	equ	0xFFC
  1409                           pclatu	equ	0xFFB
  1410                           pclath	equ	0xFFA
  1411                           pcl	equ	0xFF9
  1412                           tblptru	equ	0xFF8
  1413                           tblptrh	equ	0xFF7
  1414                           tblptrl	equ	0xFF6
  1415                           tablat	equ	0xFF5
  1416                           prodh	equ	0xFF4
  1417                           prodl	equ	0xFF3
  1418                           indf0	equ	0xFEF
  1419                           postinc0	equ	0xFEE
  1420                           postdec0	equ	0xFED
  1421                           preinc0	equ	0xFEC
  1422                           plusw0	equ	0xFEB
  1423                           fsr0h	equ	0xFEA
  1424                           fsr0l	equ	0xFE9
  1425                           wreg	equ	0xFE8
  1426                           indf1	equ	0xFE7
  1427                           postinc1	equ	0xFE6
  1428                           postdec1	equ	0xFE5
  1429                           preinc1	equ	0xFE4
  1430                           plusw1	equ	0xFE3
  1431                           fsr1h	equ	0xFE2
  1432                           fsr1l	equ	0xFE1
  1433                           bsr	equ	0xFE0
  1434                           indf2	equ	0xFDF
  1435                           postinc2	equ	0xFDE
  1436                           postdec2	equ	0xFDD
  1437                           preinc2	equ	0xFDC
  1438                           plusw2	equ	0xFDB
  1439                           fsr2h	equ	0xFDA
  1440                           fsr2l	equ	0xFD9
  1441                           status	equ	0xFD8

Data Sizes:
    Strings     0
    Constant    0
    Data        0
    BSS         0
    Persistent  0
    Stack       0

Auto Spaces:
    Space          Size  Autos    Used
    COMRAM           94      5       5
    BANK0           160      0       0
    BANK1           256      0       0
    BANK2           256      0       0
    BANK3           256      0       0
    BANK4           256      0       0
    BANK5           256      0       0
    BANK6           256      0       0
    BANK7           256      0       0
    BANK8           256      0       0
    BANK9           256      0       0
    BANK10          256      0       0
    BANK11          256      0       0
    BANK12          256      0       0
    BANK13          256      0       0
    BANK14           31      0       0

Pointer List with Targets:

    None.

Critical Paths under _main in COMRAM

    None.

Critical Paths under _interrupciones in COMRAM

    None.

Critical Paths under _main in BANK0

    None.

Critical Paths under _interrupciones in BANK0

    None.

Critical Paths under _main in BANK1

    None.

Critical Paths under _interrupciones in BANK1

    None.

Critical Paths under _main in BANK2

    None.

Critical Paths under _interrupciones in BANK2

    None.

Critical Paths under _main in BANK3

    None.

Critical Paths under _interrupciones in BANK3

    None.

Critical Paths under _main in BANK4

    None.

Critical Paths under _interrupciones in BANK4

    None.

Critical Paths under _main in BANK5

    None.

Critical Paths under _interrupciones in BANK5

    None.

Critical Paths under _main in BANK6

    None.

Critical Paths under _interrupciones in BANK6

    None.

Critical Paths under _main in BANK7

    None.

Critical Paths under _interrupciones in BANK7

    None.

Critical Paths under _main in BANK8

    None.

Critical Paths under _interrupciones in BANK8

    None.

Critical Paths under _main in BANK9

    None.

Critical Paths under _interrupciones in BANK9

    None.

Critical Paths under _main in BANK10

    None.

Critical Paths under _interrupciones in BANK10

    None.

Critical Paths under _main in BANK11

    None.

Critical Paths under _interrupciones in BANK11

    None.

Critical Paths under _main in BANK12

    None.

Critical Paths under _interrupciones in BANK12

    None.

Critical Paths under _main in BANK13

    None.

Critical Paths under _interrupciones in BANK13

    None.

Critical Paths under _main in BANK14

    None.

Critical Paths under _interrupciones in BANK14

    None.

Call Graph Tables:

 ---------------------------------------------------------------------------------
 (Depth) Function   	        Calls       Base Space   Used Autos Params    Refs
 ---------------------------------------------------------------------------------
 (0) _main                                                 5     0      5       0
                                              0 COMRAM     5     0      5
                        _configuraAD
                        _configuraPA
                       _configuraPWM
                        _configuraT3
 ---------------------------------------------------------------------------------
 (1) _configuraT3                                          0     0      0       0
 ---------------------------------------------------------------------------------
 (1) _configuraPWM                                         0     0      0       0
 ---------------------------------------------------------------------------------
 (1) _configuraPA                                          0     0      0       0
 ---------------------------------------------------------------------------------
 (1) _configuraAD                                          0     0      0       0
 ---------------------------------------------------------------------------------
 Estimated maximum stack depth 1
 ---------------------------------------------------------------------------------
 (Depth) Function   	        Calls       Base Space   Used Autos Params    Refs
 ---------------------------------------------------------------------------------
 (2) _interrupciones                                       0     0      0       0
                        _mostrarleds
 ---------------------------------------------------------------------------------
 (3) _mostrarleds                                          0     0      0       0
 ---------------------------------------------------------------------------------
 Estimated maximum stack depth 3
 ---------------------------------------------------------------------------------

 Call Graph Graphs:

 _main (ROOT)
   _configuraAD
   _configuraPA
   _configuraPWM
   _configuraT3

 _interrupciones (ROOT)
   _mostrarleds

 Address spaces:
Name               Size   Autos  Total    Cost      Usage
BITCOMRAM           5E      0       0       0        0.0%
EEDATA             400      0       0       0        0.0%
NULL                 0      0       0       0        0.0%
CODE                 0      0       0       0        0.0%
COMRAM              5E      5       5       1        5.3%
STACK                0      0       0       2        0.0%
DATA                 0      0       0       3        0.0%
BITBANK0            A0      0       0       4        0.0%
BANK0               A0      0       0       5        0.0%
BITBANK1           100      0       0       6        0.0%
BANK1              100      0       0       7        0.0%
BITBANK2           100      0       0       8        0.0%
BANK2              100      0       0       9        0.0%
BITBANK3           100      0       0      10        0.0%
BANK3              100      0       0      11        0.0%
BITBANK4           100      0       0      12        0.0%
BANK4              100      0       0      13        0.0%
BANK5              100      0       0      14        0.0%
BANK6              100      0       0      15        0.0%
BANK7              100      0       0      16        0.0%
BANK8              100      0       0      17        0.0%
BANK9              100      0       0      18        0.0%
BANK10             100      0       0      19        0.0%
BANK11             100      0       0      20        0.0%
BANK12             100      0       0      21        0.0%
BANK13             100      0       0      22        0.0%
BANK14              1F      0       0      23        0.0%
BITBIGSFRhhhh        D      0       0      24        0.0%
BITBIGSFRhhhl       26      0       0      25        0.0%
BITBIGSFRhhlh        1      0       0      26        0.0%
BITBIGSFRhhllhh      7      0       0      27        0.0%
BITBIGSFRhhllhh      1      0       0      28        0.0%
BITBIGSFRhhllhh      D      0       0      29        0.0%
BITBIGSFRhhllhh      5      0       0      30        0.0%
BITBIGSFRhhllhl     1B      0       0      31        0.0%
BITBIGSFRhhlll       1      0       0      32        0.0%
BITBIGSFRhlhhhh      2      0       0      33        0.0%
BITBIGSFRhlhhhl      1      0       0      34        0.0%
BITBIGSFRhlhhhl     20      0       0      35        0.0%
BITBIGSFRhlhhlh      1      0       0      36        0.0%
BITBIGSFRhlhhll      2      0       0      37        0.0%
BITBIGSFRhlhl        2      0       0      38        0.0%
BITBIGSFRhllh        1      0       0      39        0.0%
BITBIGSFRhlllh      34      0       0      40        0.0%
BITBIGSFRhllll       F      0       0      41        0.0%
BITBIGSFRlh         18      0       0      42        0.0%
BITBIGSFRllh        29      0       0      43        0.0%
BITBIGSFRlllhh       7      0       0      44        0.0%
BITBIGSFRlllhl       7      0       0      45        0.0%
BITBIGSFRllll       9A      0       0      46        0.0%
ABS                  0      0       0      47        0.0%
BITBANK5           100      0       0      48        0.0%
BITBANK6           100      0       0      49        0.0%
BITBANK7           100      0       0      50        0.0%
BITBANK8           100      0       0      51        0.0%
BITBANK9           100      0       0      52        0.0%
BITBANK10          100      0       0      53        0.0%
BITBANK11          100      0       0      54        0.0%
BITBANK12          100      0       0      55        0.0%
BITBANK13          100      0       0      56        0.0%
BITBANK14           1F      0       0      57        0.0%
BIGRAM             E1E      0       0      58        0.0%
BIGSFR               0      0       0     200        0.0%
BITSFR_2             0      0       0     200        0.0%
SFR_2                0      0       0     200        0.0%
BITSFR_1             0      0       0     200        0.0%
SFR_1                0      0       0     200        0.0%
BITSFR               0      0       0     200        0.0%
SFR                  0      0       0     200        0.0%


Microchip Technology PIC18 Macro Assembler V2.40 build 20220703182018 
Symbol Table                                                                                   Tue Feb 07 16:06:09 2023

           ?_configuraT3 0001             ?_configuraPA 0001            ?_configuraPWM 0001  
                     l80 0066                       l83 00F0                       l77 00FC  
                     l86 0096   __end_of_interrupciones 0030                      l101 00B4  
                    l102 00B4                      l830 00B0                      l822 0098  
                    l832 00B2                      l824 00A8                      l826 00AA  
                    l780 00F2                      l828 00AC                      l782 0034  
                    l790 0070                      l792 008E                      l784 00DA  
                    l794 0094                      l786 00EE                      l788 0068  
                   _LATA 000F82                     _T2PR 000FBB                     i2l90 00D8  
                   i2l96 002C                     _main 0098                     btemp 0006  
                   start 0030           ??_configuraPWM 0001             ___param_bank 000000  
        ?_interrupciones 0001                    _ADACQ 000F57                    _ADACT 000F51  
                  ?_main 0001                    _ADPCH 000F5A                    _ADREF 000F53  
                  _ADRPT 000F61                    _T3CLK 000FCB                    _T2CON 000FBC  
                  _T3CON 000FC8                    i2l800 000A                    i2l802 001A  
                  i2l804 0022                    i2l806 0024                    i2l808 0028  
                  i2l796 00BC                    i2l798 00CC                    _TMR3H 000FC7  
                  _TMR3L 000FC6                    _TRISA 000F87                    ttemp5 0007  
                  ttemp6 000A                    ttemp7 000E                    wtemp8 0007  
        __initialization 00FE             __end_of_main 00BC                   ??_main 0006  
          __activetblptr 000000                   _ADCON0 000F5B                   _ADCON1 000F54  
                 _ADCON2 000F55                   _ADCON3 000F56                   _ADRESH 000F5F  
                 _ADRESL 000F5E                   _CCPR2H 000FA6                   _CCPR2L 000FA5  
                 _ANSELA 000F0C                   _T3GCON 000FC9                   _RC1PPS 000EF3  
                 i2u1_40 00CC                   i2u1_41 00C8                   i2u2_40 001A  
                 i2u2_41 0016                   isa$std 000001             ?_mostrarleds 0001  
   __end_of_configuraPWM 0098               __accesstop 0060  __end_of__initialization 00FE  
          ___rparam_used 000001           __pcstackCOMRAM 0001         ??_interrupciones 0001  
                _CCP2CON 000FA7                  __Hparam 0000                  __Lparam 0000  
                __pcinit 00FE                  __ramtop 1000                  __ptext0 0098  
                __ptext1 00DA                  __ptext2 0068                  __ptext3 00F2  
                __ptext4 0034                  __ptext6 00BC                _T3CONbits 000FC8  
   end_of_initialization 00FE             _configuraPWM 0068                _TRISCbits 000F89  
            _CCP2CONbits 000FA7            ??_configuraAD 0001            ??_configuraT3 0001  
          ??_configuraPA 0001      start_initialization 00FE              _CCPTMRSbits 000FAD  
    __end_of_configuraAD 0068      __end_of_configuraT3 00F2      __end_of_configuraPA 00FE  
              __pintcode 0008                 _T2CLKCON 000FBE                 _LATCbits 000F84  
               _IPR4bits 000EB9                 _PIE4bits 000EC1                 _PIR4bits 000EC9  
            _configuraAD 0034              _configuraT3 00DA              _configuraPA 00F2  
             _ADCON0bits 000F5B            ??_mostrarleds 0001                 __Hrparam 0000  
               __Lrparam 0000               _ANSELCbits 000F1C      __end_of_mostrarleds 00DA  
               isa$xinst 000000                 int$flags 0006                 main@argc 0001  
               main@argv 0003               _INTCONbits 000FF2                 intlevel2 0000  
         _interrupciones 0008              _mostrarleds 00BC             ?_configuraAD 0001  
